<?xml version="1.0" encoding="UTF-8" ?>
<testsuite errors="1" failures="0" hostname="DESKTOP-AP79U2F" name="data.RequestDataTest" skipped="0" tests="1" time="0.0" timestamp="2025-04-28T20:16:32">
  <properties>
    <property name="ant.library.dir" value="C:\Program Files\Apache\Ant\lib" />
    <property name="ant.file.type" value="file" />
    <property name="java.specification.version" value="17" />
    <property name="scp.port" value="22" />
    <property name="ant.project.name" value="WebProgrammingLab3" />
    <property name="sun.cpu.isalist" value="amd64" />
    <property name="sun.jnu.encoding" value="Cp1251" />
    <property name="native2ascii.src" value="resources" />
    <property name="java.class.path" value="C:\Users\Artem\Desktop\Учеба\2 Курс\2 СЕМ\ОПИ\3 ЛАБА\project\lib\antlr-2.7.7.jar;C:\Users\Artem\Desktop\Учеба\2 Курс\2 СЕМ\ОПИ\3 ЛАБА\project\lib\byte-buddy-1.10.22.jar;C:\Users\Artem\Desktop\Учеба\2 Курс\2 СЕМ\ОПИ\3 ЛАБА\project\lib\classmate-1.5.1.jar;C:\Users\Artem\Desktop\Учеба\2 Курс\2 СЕМ\ОПИ\3 ЛАБА\project\lib\dom4j-2.1.3.jar;C:\Users\Artem\Desktop\Учеба\2 Курс\2 СЕМ\ОПИ\3 ЛАБА\project\lib\hamcrest-core-1.3.jar;C:\Users\Artem\Desktop\Учеба\2 Курс\2 СЕМ\ОПИ\3 ЛАБА\project\lib\hibernate-commons-annotations-5.1.2.Final.jar;C:\Users\Artem\Desktop\Учеба\2 Курс\2 СЕМ\ОПИ\3 ЛАБА\project\lib\hibernate-core-5.4.33.Final.jar;C:\Users\Artem\Desktop\Учеба\2 Курс\2 СЕМ\ОПИ\3 ЛАБА\project\lib\javax.annotation-api-1.3.2.jar;C:\Users\Artem\Desktop\Учеба\2 Курс\2 СЕМ\ОПИ\3 ЛАБА\project\lib\javax.faces-api-2.3.jar;C:\Users\Artem\Desktop\Учеба\2 Курс\2 СЕМ\ОПИ\3 ЛАБА\project\lib\javax.inject-1.jar;C:\Users\Artem\Desktop\Учеба\2 Курс\2 СЕМ\ОПИ\3 ЛАБА\project\lib\javax.persistence-api-2.2.jar;C:\Users\Artem\Desktop\Учеба\2 Курс\2 СЕМ\ОПИ\3 ЛАБА\project\lib\javax.transaction-api-1.3.jar;C:\Users\Artem\Desktop\Учеба\2 Курс\2 СЕМ\ОПИ\3 ЛАБА\project\lib\jboss-logging-3.4.3.Final.jar;C:\Users\Artem\Desktop\Учеба\2 Курс\2 СЕМ\ОПИ\3 ЛАБА\project\lib\jsch-0.1.55.jar;C:\Users\Artem\Desktop\Учеба\2 Курс\2 СЕМ\ОПИ\3 ЛАБА\project\lib\jsf-impl-2.3.3.SP1.jar;C:\Users\Artem\Desktop\Учеба\2 Курс\2 СЕМ\ОПИ\3 ЛАБА\project\lib\junit-4.13.2.jar;C:\Users\Artem\Desktop\Учеба\2 Курс\2 СЕМ\ОПИ\3 ЛАБА\project\lib\postgresql-42.2.18.jar;C:\Users\Artem\Desktop\Учеба\2 Курс\2 СЕМ\ОПИ\3 ЛАБА\project\lib\primefaces-11.0.0.jar;C:\Users\Artem\Desktop\Учеба\2 Курс\2 СЕМ\ОПИ\3 ЛАБА\project\build;C:\Users\Artem\Desktop\Учеба\2 Курс\2 СЕМ\ОПИ\3 ЛАБА\project\test;C:\Program Files\Apache\Ant\lib\ant-launcher.jar;C:\Program Files\Apache\Ant\lib\ant.jar;C:\Program Files\Apache\Ant\lib\ant-junit.jar;C:\Program Files\Apache\Ant\lib\ant-junit4.jar" />
    <property name="java.vm.vendor" value="Oracle Corporation" />
    <property name="sun.arch.data.model" value="64" />
    <property name="user.variant" value="" />
    <property name="java.vendor.url" value="https://java.oracle.com/" />
    <property name="ant.file.WebProgrammingLab3" value="C:\Users\Artem\Desktop\Учеба\2 Курс\2 СЕМ\ОПИ\3 ЛАБА\project\build.xml" />
    <property name="resources.dir" value="resources" />
    <property name="java.vm.specification.version" value="17" />
    <property name="os.name" value="Windows 11" />
    <property name="git.repo.path" value="." />
    <property name="native2ascii.dest" value="resources/ascii" />
    <property name="user.country" value="RU" />
    <property name="sun.java.launcher" value="SUN_STANDARD" />
    <property name="sun.boot.library.path" value="C:\Program Files\Java\jdk-17\bin" />
    <property name="sun.java.command" value="org.apache.tools.ant.taskdefs.optional.junit.JUnitTestRunner data.RequestDataTest skipNonTests=false filtertrace=true haltOnError=false haltOnFailure=true formatter=org.apache.tools.ant.taskdefs.optional.junit.SummaryJUnitResultFormatter showoutput=false outputtoformatters=true logfailedtests=true threadid=0 logtestlistenerevents=false formatter=org.apache.tools.ant.taskdefs.optional.junit.XMLJUnitResultFormatter,C:\Users\Artem\Desktop\Учеба\2 Курс\2 СЕМ\ОПИ\3 ЛАБА\project\reports\tests\TEST-data.RequestDataTest.xml crashfile=C:\Users\Artem\Desktop\Учеба\2 Курс\2 СЕМ\ОПИ\3 ЛАБА\project\junitvmwatcher13642859932904639925.properties propsfile=C:\Users\Artem\Desktop\Учеба\2 Курс\2 СЕМ\ОПИ\3 ЛАБА\project\junit11943856335525878289.properties" />
    <property name="jdk.debug" value="release" />
    <property name="sun.cpu.endian" value="little" />
    <property name="test.dir" value="test" />
    <property name="user.home" value="C:\Users\Artem" />
    <property name="user.language" value="ru" />
    <property name="sun.stderr.encoding" value="cp866" />
    <property name="java.specification.vendor" value="Oracle Corporation" />
    <property name="java.version.date" value="2023-07-18" />
    <property name="java.home" value="C:\Program Files\Java\jdk-17" />
    <property name="file.separator" value="\" />
    <property name="basedir" value="C:\Users\Artem\Desktop\Учеба\2 Курс\2 СЕМ\ОПИ\3 ЛАБА\project" />
    <property name="java.vm.compressedOopsMode" value="Zero based" />
    <property name="sun.stdout.encoding" value="cp866" />
    <property name="line.separator" value="&#xd;&#xa;" />
    <property name="ant.java.version" value="17" />
    <property name="java.specification.name" value="Java Platform API Specification" />
    <property name="java.vm.specification.vendor" value="Oracle Corporation" />
    <property name="scp.path" value="/home/yourusername/project" />
    <property name="alt.replace.to" value="MainAlt" />
    <property name="scp.host" value="your.server.com" />
    <property name="user.script" value="" />
    <property name="sun.management.compiler" value="HotSpot 64-Bit Tiered Compilers" />
    <property name="java.runtime.version" value="17.0.8+9-LTS-211" />
    <property name="user.name" value="Artem" />
    <property name="ant.file" value="C:\Users\Artem\Desktop\Учеба\2 Курс\2 СЕМ\ОПИ\3 ЛАБА\project\build.xml" />
    <property name="path.separator" value=";" />
    <property name="os.version" value="10.0" />
    <property name="java.runtime.name" value="Java(TM) SE Runtime Environment" />
    <property name="file.encoding" value="Cp1251" />
    <property name="ant.project.invoked-targets" value="test" />
    <property name="scp.user" value="yourusername" />
    <property name="java.vm.name" value="Java HotSpot(TM) 64-Bit Server VM" />
    <property name="dist.dir" value="dist" />
    <property name="build.dir" value="build" />
    <property name="ant.core.lib" value="C:\Program Files\Apache\Ant\lib\ant.jar" />
    <property name="ant.file.type.WebProgrammingLab3" value="file" />
    <property name="java.vendor.url.bug" value="https://bugreport.java.com/bugreport/" />
    <property name="java.io.tmpdir" value="C:\Users\Artem\AppData\Local\Temp\" />
    <property name="java.version" value="17.0.8" />
    <property name="user.dir" value="C:\Users\Artem\Desktop\Учеба\2 Курс\2 СЕМ\ОПИ\3 ЛАБА\project" />
    <property name="os.arch" value="amd64" />
    <property name="svn.repo.url" value="https://svn.example.com/repo" />
    <property name="java.vm.specification.name" value="Java Virtual Machine Specification" />
    <property name="alt.replace.from" value="Main" />
    <property name="ant.home" value="C:\Program Files\Apache\Ant\bin\.." />
    <property name="music.file" value="music.mp3" />
    <property name="lib.dir" value="lib" />
    <property name="env.java.version" value="17" />
    <property name="sun.os.patch.level" value="" />
    <property name="native.encoding" value="Cp1251" />
    <property name="ant.version" value="Apache Ant(TM) version 1.10.15 compiled on August 25 2024" />
    <property name="java.library.path" value="C:\Program Files\Java\jdk-17\bin;C:\WINDOWS\Sun\Java\bin;C:\WINDOWS\system32;C:\WINDOWS;C:\ProgramData\Oracle\Java\javapath;C:\Program Files\Common Files\Oracle\Java\javapath;C:\Windows\system32;C:\Windows;C:\Windows\System32\Wbem;C:\Windows\System32\WindowsPowerShell\v1.0\;C:\Windows\System32\OpenSSH\;C:\WINDOWS\system32;C:\WINDOWS;C:\WINDOWS\System32\Wbem;C:\WINDOWS\System32\WindowsPowerShell\v1.0\;C:\WINDOWS\System32\OpenSSH\;C:\Program Files\Git\cmd;C:\Program Files (x86)\NVIDIA Corporation\PhysX\Common;C:\Program Files\NVIDIA Corporation\NVIDIA app\NvDLISR;C:\Program Files\Apache\Ant\bin;C:\Users\Artem\AppData\Local\Microsoft\WindowsApps;C:\Users\Artem\AppData\Local\Programs\Microsoft VS Code\bin;C:\Program Files\Java\jdk-21\bin;C:\Users\Artem\AppData\Local\GitHubDesktop\bin;C:\Program Files\Java\jdk-17\bin;C:\Gradle\gradle-8.11\bin;C:\C++ msys64\ucrt64\bin;;." />
    <property name="java.vendor" value="Oracle Corporation" />
    <property name="java.vm.info" value="mixed mode, sharing" />
    <property name="java.vm.version" value="17.0.8+9-LTS-211" />
    <property name="env.jvm.args" value="-Xmx512m" />
    <property name="sun.io.unicode.encoding" value="UnicodeLittle" />
    <property name="locales.dir" value="resources/locales" />
    <property name="java.class.version" value="61.0" />
    <property name="war.name" value="project-lab3.war" />
    <property name="src.dir" value="src" />
    <property name="ant.project.default-target" value="war" />
  </properties>
  <error message="data.RequestDataTest" type="java.lang.ClassNotFoundException">java.lang.ClassNotFoundException: data.RequestDataTest
	at java.base/jdk.internal.loader.BuiltinClassLoader.loadClass(BuiltinClassLoader.java:641)
	at java.base/jdk.internal.loader.ClassLoaders$AppClassLoader.loadClass(ClassLoaders.java:188)
	at java.base/java.lang.ClassLoader.loadClass(ClassLoader.java:520)
	at java.base/java.lang.Class.forName0(Native Method)
	at java.base/java.lang.Class.forName(Class.java:467)
</error>
  <system-out><![CDATA[]]></system-out>
  <system-err><![CDATA[]]></system-err>
</testsuite>
